<?xml version="1.0" encoding="UTF-8"?>
<!-- Generated by org.testng.reporters.JUnitReportReporter -->
<testsuite hostname="sumaia-HP" name="Prioritizing_Secuency.testNGPriorityExample" tests="3" failures="0" timestamp="16 Aug 2015 07:31:44 GMT" time="12.805" errors="0">
  <testcase name="send" time="2.106" classname="Prioritizing_Secuency.testNGPriorityExample"/>
  <testcase name="login" time="1.759" classname="Prioritizing_Secuency.testNGPriorityExample"/>
  <testcase name="logout" time="8.940" classname="Prioritizing_Secuency.testNGPriorityExample"/>
</testsuite> <!-- Prioritizing_Secuency.testNGPriorityExample -->
